<?xml version="1.0" encoding="UTF-8"?>
<testng-results skipped="0" failed="0" total="1" passed="1">
  <reporter-output>
  </reporter-output>
  <suite name="Default suite" duration-ms="30895" started-at="2023-03-06T11:36:28Z" finished-at="2023-03-06T11:36:59Z">
    <groups>
    </groups>
    <test name="Default test" duration-ms="30895" started-at="2023-03-06T11:36:28Z" finished-at="2023-03-06T11:36:59Z">
      <class name="org.test.Entry">
        <test-method status="PASS" signature="launch()[pri:0, instance:org.test.Entry@17c68925]" name="launch" is-config="true" duration-ms="10169" started-at="2023-03-06T17:06:28Z" finished-at="2023-03-06T17:06:38Z">
          <reporter-output>
          </reporter-output>
        </test-method> <!-- launch -->
        <test-method status="PASS" signature="TC1()[pri:0, instance:org.test.Entry@17c68925]" name="TC1" duration-ms="20726" started-at="2023-03-06T17:06:38Z" description="Report " finished-at="2023-03-06T17:06:59Z">
          <reporter-output>
          </reporter-output>
        </test-method> <!-- TC1 -->
      </class> <!-- org.test.Entry -->
    </test> <!-- Default test -->
  </suite> <!-- Default suite -->
</testng-results>
